{"/home/nacho/microverse/to-do-list/src/listManager.js": {"path":"/home/nacho/microverse/to-do-list/src/listManager.js","statementMap":{"0":{"start":{"line":3,"column":27},"end":{"line":8,"column":1}},"1":{"start":{"line":4,"column":15},"end":{"line":4,"column":58}},"2":{"start":{"line":5,"column":2},"end":{"line":5,"column":23}},"3":{"start":{"line":6,"column":2},"end":{"line":6,"column":59}},"4":{"start":{"line":7,"column":2},"end":{"line":7,"column":19}},"5":{"start":{"line":10,"column":33},"end":{"line":21,"column":1}},"6":{"start":{"line":11,"column":10},"end":{"line":11,"column":11}},"7":{"start":{"line":12,"column":2},"end":{"line":19,"column":3}},"8":{"start":{"line":12,"column":15},"end":{"line":12,"column":16}},"9":{"start":{"line":13,"column":4},"end":{"line":18,"column":5}},"10":{"start":{"line":14,"column":6},"end":{"line":14,"column":29}},"11":{"start":{"line":15,"column":6},"end":{"line":15,"column":13}},"12":{"start":{"line":17,"column":6},"end":{"line":17,"column":29}},"13":{"start":{"line":20,"column":2},"end":{"line":20,"column":59}},"14":{"start":{"line":23,"column":33},"end":{"line":27,"column":1}},"15":{"start":{"line":24,"column":2},"end":{"line":24,"column":46}},"16":{"start":{"line":25,"column":2},"end":{"line":25,"column":59}},"17":{"start":{"line":26,"column":2},"end":{"line":26,"column":19}},"18":{"start":{"line":29,"column":30},"end":{"line":33,"column":1}},"19":{"start":{"line":30,"column":2},"end":{"line":30,"column":34}},"20":{"start":{"line":31,"column":2},"end":{"line":31,"column":59}},"21":{"start":{"line":32,"column":2},"end":{"line":32,"column":19}},"22":{"start":{"line":35,"column":25},"end":{"line":35,"column":77}},"23":{"start":{"line":35,"column":38},"end":{"line":35,"column":77}},"24":{"start":{"line":35,"column":63},"end":{"line":35,"column":76}}},"fnMap":{"0":{"name":"(anonymous_0)","decl":{"start":{"line":3,"column":27},"end":{"line":3,"column":28}},"loc":{"start":{"line":3,"column":55},"end":{"line":8,"column":1}},"line":3},"1":{"name":"(anonymous_1)","decl":{"start":{"line":10,"column":33},"end":{"line":10,"column":34}},"loc":{"start":{"line":10,"column":48},"end":{"line":21,"column":1}},"line":10},"2":{"name":"(anonymous_2)","decl":{"start":{"line":23,"column":33},"end":{"line":23,"column":34}},"loc":{"start":{"line":23,"column":63},"end":{"line":27,"column":1}},"line":23},"3":{"name":"(anonymous_3)","decl":{"start":{"line":29,"column":30},"end":{"line":29,"column":31}},"loc":{"start":{"line":29,"column":52},"end":{"line":33,"column":1}},"line":29},"4":{"name":"(anonymous_4)","decl":{"start":{"line":35,"column":25},"end":{"line":35,"column":26}},"loc":{"start":{"line":35,"column":38},"end":{"line":35,"column":77}},"line":35},"5":{"name":"(anonymous_5)","decl":{"start":{"line":35,"column":53},"end":{"line":35,"column":54}},"loc":{"start":{"line":35,"column":63},"end":{"line":35,"column":76}},"line":35}},"branchMap":{"0":{"loc":{"start":{"line":13,"column":4},"end":{"line":18,"column":5}},"type":"if","locations":[{"start":{"line":13,"column":4},"end":{"line":18,"column":5}},{"start":{"line":13,"column":4},"end":{"line":18,"column":5}}],"line":13}},"s":{"0":1,"1":1,"2":1,"3":1,"4":1,"5":1,"6":2,"7":2,"8":2,"9":4,"10":1,"11":1,"12":3,"13":2,"14":1,"15":1,"16":1,"17":1,"18":1,"19":3,"20":3,"21":3,"22":1,"23":0,"24":0},"f":{"0":1,"1":2,"2":1,"3":3,"4":0,"5":0},"b":{"0":[1,3]},"_coverageSchema":"1a1c01bbd47fc00a2c39e90264f33305004495a9","hash":"5367e69e75dc3970faee02fe87685292b705c902"}
,"/home/nacho/microverse/to-do-list/src/showItems.js": {"path":"/home/nacho/microverse/to-do-list/src/showItems.js","statementMap":{"0":{"start":{"line":6,"column":26},"end":{"line":11,"column":1}},"1":{"start":{"line":7,"column":13},"end":{"line":7,"column":53}},"2":{"start":{"line":8,"column":2},"end":{"line":8,"column":14}},"3":{"start":{"line":9,"column":2},"end":{"line":9,"column":35}},"4":{"start":{"line":10,"column":2},"end":{"line":10,"column":31}},"5":{"start":{"line":13,"column":32},"end":{"line":45,"column":1}},"6":{"start":{"line":14,"column":15},"end":{"line":14,"column":64}},"7":{"start":{"line":16,"column":2},"end":{"line":18,"column":5}},"8":{"start":{"line":17,"column":4},"end":{"line":17,"column":46}},"9":{"start":{"line":20,"column":2},"end":{"line":26,"column":5}},"10":{"start":{"line":21,"column":4},"end":{"line":25,"column":5}},"11":{"start":{"line":22,"column":6},"end":{"line":22,"column":25}},"12":{"start":{"line":23,"column":6},"end":{"line":23,"column":48}},"13":{"start":{"line":24,"column":6},"end":{"line":24,"column":36}},"14":{"start":{"line":28,"column":2},"end":{"line":32,"column":5}},"15":{"start":{"line":29,"column":17},"end":{"line":29,"column":40}},"16":{"start":{"line":30,"column":4},"end":{"line":30,"column":43}},"17":{"start":{"line":31,"column":4},"end":{"line":31,"column":39}},"18":{"start":{"line":34,"column":2},"end":{"line":38,"column":5}},"19":{"start":{"line":35,"column":17},"end":{"line":35,"column":40}},"20":{"start":{"line":36,"column":4},"end":{"line":36,"column":40}},"21":{"start":{"line":37,"column":4},"end":{"line":37,"column":42}},"22":{"start":{"line":40,"column":16},"end":{"line":40,"column":62}},"23":{"start":{"line":41,"column":2},"end":{"line":41,"column":78}},"24":{"start":{"line":41,"column":43},"end":{"line":41,"column":74}},"25":{"start":{"line":43,"column":16},"end":{"line":43,"column":58}},"26":{"start":{"line":44,"column":2},"end":{"line":44,"column":75}},"27":{"start":{"line":44,"column":42},"end":{"line":44,"column":71}},"28":{"start":{"line":47,"column":24},"end":{"line":61,"column":1}},"29":{"start":{"line":48,"column":13},"end":{"line":48,"column":41}},"30":{"start":{"line":49,"column":2},"end":{"line":49,"column":49}},"31":{"start":{"line":50,"column":19},"end":{"line":50,"column":50}},"32":{"start":{"line":51,"column":2},"end":{"line":51,"column":44}},"33":{"start":{"line":52,"column":2},"end":{"line":52,"column":27}},"34":{"start":{"line":53,"column":15},"end":{"line":53,"column":49}},"35":{"start":{"line":54,"column":2},"end":{"line":54,"column":50}},"36":{"start":{"line":55,"column":2},"end":{"line":55,"column":23}},"37":{"start":{"line":56,"column":15},"end":{"line":56,"column":42}},"38":{"start":{"line":57,"column":2},"end":{"line":57,"column":45}},"39":{"start":{"line":58,"column":2},"end":{"line":58,"column":23}},"40":{"start":{"line":59,"column":2},"end":{"line":59,"column":28}},"41":{"start":{"line":60,"column":2},"end":{"line":60,"column":37}},"42":{"start":{"line":63,"column":24},"end":{"line":68,"column":1}},"43":{"start":{"line":64,"column":24},"end":{"line":64,"column":52}},"44":{"start":{"line":65,"column":2},"end":{"line":67,"column":5}},"45":{"start":{"line":66,"column":4},"end":{"line":66,"column":46}},"46":{"start":{"line":70,"column":28},"end":{"line":76,"column":1}},"47":{"start":{"line":71,"column":2},"end":{"line":75,"column":5}},"48":{"start":{"line":72,"column":4},"end":{"line":74,"column":5}},"49":{"start":{"line":73,"column":6},"end":{"line":73,"column":35}},"50":{"start":{"line":78,"column":23},"end":{"line":86,"column":1}},"51":{"start":{"line":79,"column":2},"end":{"line":85,"column":3}},"52":{"start":{"line":80,"column":24},"end":{"line":80,"column":35}},"53":{"start":{"line":81,"column":4},"end":{"line":81,"column":40}},"54":{"start":{"line":82,"column":4},"end":{"line":82,"column":21}},"55":{"start":{"line":83,"column":26},"end":{"line":83,"column":54}},"56":{"start":{"line":84,"column":4},"end":{"line":84,"column":61}}},"fnMap":{"0":{"name":"(anonymous_0)","decl":{"start":{"line":6,"column":26},"end":{"line":6,"column":27}},"loc":{"start":{"line":6,"column":48},"end":{"line":11,"column":1}},"line":6},"1":{"name":"(anonymous_1)","decl":{"start":{"line":13,"column":32},"end":{"line":13,"column":33}},"loc":{"start":{"line":13,"column":54},"end":{"line":45,"column":1}},"line":13},"2":{"name":"(anonymous_2)","decl":{"start":{"line":16,"column":34},"end":{"line":16,"column":35}},"loc":{"start":{"line":16,"column":40},"end":{"line":18,"column":3}},"line":16},"3":{"name":"(anonymous_3)","decl":{"start":{"line":20,"column":36},"end":{"line":20,"column":37}},"loc":{"start":{"line":20,"column":43},"end":{"line":26,"column":3}},"line":20},"4":{"name":"(anonymous_4)","decl":{"start":{"line":28,"column":33},"end":{"line":28,"column":34}},"loc":{"start":{"line":28,"column":39},"end":{"line":32,"column":3}},"line":28},"5":{"name":"(anonymous_5)","decl":{"start":{"line":34,"column":32},"end":{"line":34,"column":33}},"loc":{"start":{"line":34,"column":38},"end":{"line":38,"column":3}},"line":34},"6":{"name":"(anonymous_6)","decl":{"start":{"line":41,"column":35},"end":{"line":41,"column":36}},"loc":{"start":{"line":41,"column":41},"end":{"line":41,"column":76}},"line":41},"7":{"name":"(anonymous_7)","decl":{"start":{"line":44,"column":34},"end":{"line":44,"column":35}},"loc":{"start":{"line":44,"column":40},"end":{"line":44,"column":73}},"line":44},"8":{"name":"(anonymous_8)","decl":{"start":{"line":47,"column":24},"end":{"line":47,"column":25}},"loc":{"start":{"line":47,"column":57},"end":{"line":61,"column":1}},"line":47},"9":{"name":"(anonymous_9)","decl":{"start":{"line":63,"column":24},"end":{"line":63,"column":25}},"loc":{"start":{"line":63,"column":39},"end":{"line":68,"column":1}},"line":63},"10":{"name":"(anonymous_10)","decl":{"start":{"line":65,"column":20},"end":{"line":65,"column":21}},"loc":{"start":{"line":65,"column":37},"end":{"line":67,"column":3}},"line":65},"11":{"name":"(anonymous_11)","decl":{"start":{"line":70,"column":28},"end":{"line":70,"column":29}},"loc":{"start":{"line":70,"column":43},"end":{"line":76,"column":1}},"line":70},"12":{"name":"(anonymous_12)","decl":{"start":{"line":71,"column":20},"end":{"line":71,"column":21}},"loc":{"start":{"line":71,"column":37},"end":{"line":75,"column":3}},"line":71},"13":{"name":"(anonymous_13)","decl":{"start":{"line":78,"column":23},"end":{"line":78,"column":24}},"loc":{"start":{"line":78,"column":45},"end":{"line":86,"column":1}},"line":78}},"branchMap":{"0":{"loc":{"start":{"line":21,"column":4},"end":{"line":25,"column":5}},"type":"if","locations":[{"start":{"line":21,"column":4},"end":{"line":25,"column":5}},{"start":{"line":21,"column":4},"end":{"line":25,"column":5}}],"line":21},"1":{"loc":{"start":{"line":72,"column":4},"end":{"line":74,"column":5}},"type":"if","locations":[{"start":{"line":72,"column":4},"end":{"line":74,"column":5}},{"start":{"line":72,"column":4},"end":{"line":74,"column":5}}],"line":72},"2":{"loc":{"start":{"line":72,"column":8},"end":{"line":72,"column":39}},"type":"binary-expr","locations":[{"start":{"line":72,"column":8},"end":{"line":72,"column":22}},{"start":{"line":72,"column":26},"end":{"line":72,"column":39}}],"line":72},"3":{"loc":{"start":{"line":79,"column":2},"end":{"line":85,"column":3}},"type":"if","locations":[{"start":{"line":79,"column":2},"end":{"line":85,"column":3}},{"start":{"line":79,"column":2},"end":{"line":85,"column":3}}],"line":79}},"s":{"0":1,"1":2,"2":2,"3":2,"4":2,"5":1,"6":0,"7":0,"8":0,"9":0,"10":0,"11":0,"12":0,"13":0,"14":0,"15":0,"16":0,"17":0,"18":0,"19":0,"20":0,"21":0,"22":0,"23":0,"24":0,"25":0,"26":0,"27":0,"28":1,"29":0,"30":0,"31":0,"32":0,"33":0,"34":0,"35":0,"36":0,"37":0,"38":0,"39":0,"40":0,"41":0,"42":1,"43":0,"44":0,"45":0,"46":1,"47":1,"48":2,"49":2,"50":1,"51":0,"52":0,"53":0,"54":0,"55":0,"56":0},"f":{"0":2,"1":0,"2":0,"3":0,"4":0,"5":0,"6":0,"7":0,"8":0,"9":0,"10":0,"11":1,"12":2,"13":0},"b":{"0":[0,0],"1":[2,0],"2":[2,2],"3":[0,0]},"_coverageSchema":"1a1c01bbd47fc00a2c39e90264f33305004495a9","hash":"eda103c2592530b5bba837434794f5fffeb6335c"}
,"/home/nacho/microverse/to-do-list/src/taskClass.js": {"path":"/home/nacho/microverse/to-do-list/src/taskClass.js","statementMap":{"0":{"start":{"line":3,"column":4},"end":{"line":3,"column":23}},"1":{"start":{"line":4,"column":4},"end":{"line":4,"column":35}},"2":{"start":{"line":5,"column":4},"end":{"line":5,"column":27}},"3":{"start":{"line":6,"column":4},"end":{"line":6,"column":25}}},"fnMap":{"0":{"name":"(anonymous_0)","decl":{"start":{"line":2,"column":2},"end":{"line":2,"column":3}},"loc":{"start":{"line":2,"column":34},"end":{"line":7,"column":3}},"line":2}},"branchMap":{},"s":{"0":5,"1":5,"2":5,"3":5},"f":{"0":5},"b":{},"_coverageSchema":"1a1c01bbd47fc00a2c39e90264f33305004495a9","hash":"caf5d6e2b8cf2ef7992531b8d22a8b65ce4eedfb"}
,"/home/nacho/microverse/to-do-list/src/updateStatus.js": {"path":"/home/nacho/microverse/to-do-list/src/updateStatus.js","statementMap":{"0":{"start":{"line":1,"column":17},"end":{"line":11,"column":1}},"1":{"start":{"line":2,"column":15},"end":{"line":2,"column":60}},"2":{"start":{"line":3,"column":19},"end":{"line":3,"column":61}},"3":{"start":{"line":4,"column":2},"end":{"line":10,"column":3}},"4":{"start":{"line":5,"column":4},"end":{"line":5,"column":33}},"5":{"start":{"line":6,"column":4},"end":{"line":6,"column":28}},"6":{"start":{"line":8,"column":4},"end":{"line":8,"column":36}},"7":{"start":{"line":9,"column":4},"end":{"line":9,"column":29}},"8":{"start":{"line":13,"column":29},"end":{"line":17,"column":1}},"9":{"start":{"line":14,"column":2},"end":{"line":16,"column":5}},"10":{"start":{"line":15,"column":4},"end":{"line":15,"column":26}},"11":{"start":{"line":19,"column":28},"end":{"line":24,"column":1}},"12":{"start":{"line":20,"column":2},"end":{"line":20,"column":51}},"13":{"start":{"line":21,"column":2},"end":{"line":21,"column":59}},"14":{"start":{"line":22,"column":2},"end":{"line":22,"column":28}},"15":{"start":{"line":23,"column":2},"end":{"line":23,"column":19}}},"fnMap":{"0":{"name":"(anonymous_0)","decl":{"start":{"line":1,"column":17},"end":{"line":1,"column":18}},"loc":{"start":{"line":1,"column":30},"end":{"line":11,"column":1}},"line":1},"1":{"name":"(anonymous_1)","decl":{"start":{"line":13,"column":29},"end":{"line":13,"column":30}},"loc":{"start":{"line":13,"column":44},"end":{"line":17,"column":1}},"line":13},"2":{"name":"(anonymous_2)","decl":{"start":{"line":14,"column":20},"end":{"line":14,"column":21}},"loc":{"start":{"line":14,"column":37},"end":{"line":16,"column":3}},"line":14},"3":{"name":"(anonymous_3)","decl":{"start":{"line":19,"column":28},"end":{"line":19,"column":29}},"loc":{"start":{"line":19,"column":46},"end":{"line":24,"column":1}},"line":19}},"branchMap":{"0":{"loc":{"start":{"line":4,"column":2},"end":{"line":10,"column":3}},"type":"if","locations":[{"start":{"line":4,"column":2},"end":{"line":10,"column":3}},{"start":{"line":4,"column":2},"end":{"line":10,"column":3}}],"line":4}},"s":{"0":1,"1":1,"2":1,"3":1,"4":1,"5":1,"6":0,"7":0,"8":1,"9":0,"10":0,"11":1,"12":1,"13":1,"14":1,"15":1},"f":{"0":1,"1":0,"2":0,"3":1},"b":{"0":[1,0]},"_coverageSchema":"1a1c01bbd47fc00a2c39e90264f33305004495a9","hash":"3d3a8b3480f07dd0bd33ae48c0726fc10b4f3bc4"}
,"/home/nacho/microverse/to-do-list/tests/localStorage.js": {"path":"/home/nacho/microverse/to-do-list/tests/localStorage.js","statementMap":{"0":{"start":{"line":3,"column":4},"end":{"line":3,"column":20}},"1":{"start":{"line":7,"column":4},"end":{"line":7,"column":20}},"2":{"start":{"line":11,"column":4},"end":{"line":11,"column":35}},"3":{"start":{"line":15,"column":4},"end":{"line":15,"column":36}},"4":{"start":{"line":19,"column":4},"end":{"line":19,"column":27}},"5":{"start":{"line":23,"column":24},"end":{"line":23,"column":44}},"6":{"start":{"line":23,"column":37},"end":{"line":23,"column":44}}},"fnMap":{"0":{"name":"(anonymous_0)","decl":{"start":{"line":2,"column":2},"end":{"line":2,"column":3}},"loc":{"start":{"line":2,"column":16},"end":{"line":4,"column":3}},"line":2},"1":{"name":"(anonymous_1)","decl":{"start":{"line":6,"column":2},"end":{"line":6,"column":3}},"loc":{"start":{"line":6,"column":10},"end":{"line":8,"column":3}},"line":6},"2":{"name":"(anonymous_2)","decl":{"start":{"line":10,"column":2},"end":{"line":10,"column":3}},"loc":{"start":{"line":10,"column":15},"end":{"line":12,"column":3}},"line":10},"3":{"name":"(anonymous_3)","decl":{"start":{"line":14,"column":2},"end":{"line":14,"column":3}},"loc":{"start":{"line":14,"column":22},"end":{"line":16,"column":3}},"line":14},"4":{"name":"(anonymous_4)","decl":{"start":{"line":18,"column":2},"end":{"line":18,"column":3}},"loc":{"start":{"line":18,"column":18},"end":{"line":20,"column":3}},"line":18},"5":{"name":"(anonymous_5)","decl":{"start":{"line":23,"column":24},"end":{"line":23,"column":25}},"loc":{"start":{"line":23,"column":37},"end":{"line":23,"column":44}},"line":23}},"branchMap":{"0":{"loc":{"start":{"line":11,"column":11},"end":{"line":11,"column":34}},"type":"binary-expr","locations":[{"start":{"line":11,"column":11},"end":{"line":11,"column":26}},{"start":{"line":11,"column":30},"end":{"line":11,"column":34}}],"line":11}},"s":{"0":1,"1":0,"2":0,"3":8,"4":0,"5":1,"6":0},"f":{"0":1,"1":0,"2":0,"3":8,"4":0,"5":0},"b":{"0":[0,0]},"_coverageSchema":"1a1c01bbd47fc00a2c39e90264f33305004495a9","hash":"fc5a578728e388db43ebede7fbaff638dff0c40f"}
}
